[ 2020-04-12 22:52:36 ] - AuctioneerMicroservice se executa pe portul: 1500
[ 2020-04-12 22:52:36 ] - Se asteapta oferte de la bidderi...
[ 2020-04-12 22:52:51 ] - Licitatia s-a incheiat! Se trimit ofertele spre procesare...
[ 2020-04-12 22:52:51 ] - Nu ma pot conecta la MessageProcessor!
[ 2020-04-12 22:53:35 ] - AuctioneerMicroservice se executa pe portul: 1500
[ 2020-04-12 22:53:35 ] - Se asteapta oferte de la bidderi...
[ 2020-04-12 22:54:08 ] - Licitatia s-a incheiat! Se trimit ofertele spre procesare...
[ 2020-04-12 22:54:08 ] - Am trimis toate ofertele catre MessageProcessor.
[ 2020-04-12 22:54:08 ] - Am trimis toate ofertele catre MessageProcessor.
[ 2020-04-12 22:54:08 ] - Am trimis toate ofertele catre MessageProcessor.
[ 2020-04-12 22:54:08 ] - Am trimis toate ofertele catre MessageProcessor.
[ 2020-04-12 22:54:08 ] - Am trimis toate ofertele catre MessageProcessor.
[ 2020-04-12 22:54:08 ] - Am trimis toate ofertele catre MessageProcessor.
[ 2020-04-12 22:54:08 ] - Am trimis toate ofertele catre MessageProcessor.
[ 2020-04-12 22:54:08 ] - Am trimis toate ofertele catre MessageProcessor.
[ 2020-04-12 22:54:08 ] - Am trimis toate ofertele catre MessageProcessor.
[ 2020-04-12 22:54:08 ] - Am trimis toate ofertele catre MessageProcessor.
[ 2020-04-12 22:54:08 ] - Am trimis toate ofertele catre MessageProcessor.
[ 2020-04-12 22:54:08 ] - Am trimis toate ofertele catre MessageProcessor.
[ 2020-04-12 22:54:08 ] - Am trimis toate ofertele catre MessageProcessor.
[ 2020-04-12 22:54:08 ] - Am trimis toate ofertele catre MessageProcessor.
[ 2020-04-12 22:54:08 ] - Am trimis toate ofertele catre MessageProcessor.
[ 2020-04-12 22:54:08 ] - Am trimis toate ofertele catre MessageProcessor.
[ 2020-04-12 22:54:08 ] - Am trimis toate ofertele catre MessageProcessor.
[ 2020-04-12 22:54:08 ] - Am trimis toate ofertele catre MessageProcessor.
[ 2020-04-12 22:54:08 ] - Am trimis toate ofertele catre MessageProcessor.
[ 2020-04-12 22:54:08 ] - Am trimis toate ofertele catre MessageProcessor.
[ 2020-04-12 22:54:08 ] - Am trimis toate ofertele catre MessageProcessor.
[ 2020-04-12 22:54:08 ] - Am trimis toate ofertele catre MessageProcessor.
[ 2020-04-12 22:54:08 ] - Am trimis toate ofertele catre MessageProcessor.
[ 2020-04-12 22:54:08 ] - Am trimis toate ofertele catre MessageProcessor.
[ 2020-04-12 22:54:08 ] - Am trimis toate ofertele catre MessageProcessor.
[ 2020-04-12 22:54:08 ] - Am trimis toate ofertele catre MessageProcessor.
[ 2020-04-12 22:54:08 ] - Am trimis toate ofertele catre MessageProcessor.
[ 2020-04-12 22:54:08 ] - Am trimis toate ofertele catre MessageProcessor.
[ 2020-04-12 22:54:08 ] - Am trimis toate ofertele catre MessageProcessor.
[ 2020-04-12 22:54:08 ] - Am trimis toate ofertele catre MessageProcessor.
[ 2020-04-12 22:54:08 ] - Am trimis toate ofertele catre MessageProcessor.
[ 2020-04-12 22:54:08 ] - Am trimis toate ofertele catre MessageProcessor.
[ 2020-04-12 22:54:08 ] - Am trimis toate ofertele catre MessageProcessor.
[ 2020-04-12 22:54:08 ] - Am trimis toate ofertele catre MessageProcessor.
[ 2020-04-12 22:54:08 ] - Am trimis toate ofertele catre MessageProcessor.
[ 2020-04-12 22:54:08 ] - Am trimis toate ofertele catre MessageProcessor.
[ 2020-04-12 22:54:08 ] - Am trimis toate ofertele catre MessageProcessor.
[ 2020-04-12 22:54:08 ] - Am trimis toate ofertele catre MessageProcessor.
[ 2020-04-12 22:54:08 ] - Am trimis toate ofertele catre MessageProcessor.
[ 2020-04-12 22:54:08 ] - Am trimis toate ofertele catre MessageProcessor.
[ 2020-04-12 22:54:08 ] - Am trimis toate ofertele catre MessageProcessor.
[ 2020-04-12 22:54:08 ] - Am trimis toate ofertele catre MessageProcessor.
[ 2020-04-12 22:54:08 ] - Am trimis toate ofertele catre MessageProcessor.
[ 2020-04-12 22:54:08 ] - Am trimis toate ofertele catre MessageProcessor.
[ 2020-04-12 22:54:08 ] - Am trimis toate ofertele catre MessageProcessor.
[ 2020-04-12 22:54:08 ] - Am trimis toate ofertele catre MessageProcessor.
[ 2020-04-12 22:54:08 ] - Am trimis toate ofertele catre MessageProcessor.
[ 2020-04-12 22:54:08 ] - Am trimis toate ofertele catre MessageProcessor.
[ 2020-04-12 22:54:08 ] - Am trimis toate ofertele catre MessageProcessor.
[ 2020-04-12 22:54:08 ] - Am trimis toate ofertele catre MessageProcessor.
[ 2020-04-12 22:54:08 ] - Am trimis toate ofertele catre MessageProcessor.
[ 2020-04-12 22:54:08 ] - Am trimis toate ofertele catre MessageProcessor.
[ 2020-04-12 22:54:08 ] - Am trimis toate ofertele catre MessageProcessor.
[ 2020-04-12 22:54:08 ] - Am trimis toate ofertele catre MessageProcessor.
[ 2020-04-12 22:54:08 ] - Am trimis toate ofertele catre MessageProcessor.
[ 2020-04-12 22:54:08 ] - Am trimis toate ofertele catre MessageProcessor.
[ 2020-04-12 22:54:08 ] - Am trimis toate ofertele catre MessageProcessor.
[ 2020-04-12 22:54:08 ] - Am trimis toate ofertele catre MessageProcessor.
[ 2020-04-12 22:54:08 ] - Am trimis toate ofertele catre MessageProcessor.
[ 2020-04-12 22:54:08 ] - Am trimis toate ofertele catre MessageProcessor.
[ 2020-04-12 22:54:08 ] - Am trimis toate ofertele catre MessageProcessor.
[ 2020-04-12 22:54:08 ] - Am trimis toate ofertele catre MessageProcessor.
[ 2020-04-12 22:54:08 ] - Am trimis toate ofertele catre MessageProcessor.
[ 2020-04-12 22:54:08 ] - Am trimis toate ofertele catre MessageProcessor.
[ 2020-04-12 22:54:08 ] - Am trimis toate ofertele catre MessageProcessor.
[ 2020-04-12 22:54:08 ] - Am trimis toate ofertele catre MessageProcessor.
[ 2020-04-12 22:54:08 ] - Am trimis toate ofertele catre MessageProcessor.
[ 2020-04-12 22:54:08 ] - Am trimis toate ofertele catre MessageProcessor.
[ 2020-04-12 22:54:08 ] - Am trimis toate ofertele catre MessageProcessor.
[ 2020-04-12 22:54:08 ] - Am trimis toate ofertele catre MessageProcessor.
[ 2020-04-12 22:54:08 ] - Am trimis toate ofertele catre MessageProcessor.
[ 2020-04-12 22:54:08 ] - Am trimis toate ofertele catre MessageProcessor.
[ 2020-04-12 22:54:08 ] - Am trimis toate ofertele catre MessageProcessor.
[ 2020-04-12 22:54:08 ] - Am trimis toate ofertele catre MessageProcessor.
[ 2020-04-12 22:54:08 ] - Am trimis toate ofertele catre MessageProcessor.
[ 2020-04-12 22:54:08 ] - Am trimis toate ofertele catre MessageProcessor.
[ 2020-04-12 22:54:08 ] - Am trimis toate ofertele catre MessageProcessor.
[ 2020-04-12 22:54:08 ] - Am trimis toate ofertele catre MessageProcessor.
[ 2020-04-12 22:54:08 ] - Am trimis toate ofertele catre MessageProcessor.
[ 2020-04-12 22:54:08 ] - Am trimis toate ofertele catre MessageProcessor.
[ 2020-04-12 22:54:08 ] - Am trimis toate ofertele catre MessageProcessor.
[ 2020-04-12 22:54:08 ] - Am trimis toate ofertele catre MessageProcessor.
[ 2020-04-12 22:54:08 ] - Am trimis toate ofertele catre MessageProcessor.
[ 2020-04-12 22:54:08 ] - Am trimis toate ofertele catre MessageProcessor.
[ 2020-04-12 22:54:08 ] - Am trimis toate ofertele catre MessageProcessor.
[ 2020-04-12 22:54:08 ] - Am trimis toate ofertele catre MessageProcessor.
[ 2020-04-12 22:54:08 ] - Am trimis toate ofertele catre MessageProcessor.
[ 2020-04-12 22:54:08 ] - Am trimis toate ofertele catre MessageProcessor.
[ 2020-04-12 22:54:08 ] - Am trimis toate ofertele catre MessageProcessor.
[ 2020-04-12 22:54:08 ] - Am trimis toate ofertele catre MessageProcessor.
[ 2020-04-12 22:54:08 ] - Am trimis toate ofertele catre MessageProcessor.
[ 2020-04-12 22:54:08 ] - Am trimis toate ofertele catre MessageProcessor.
[ 2020-04-12 22:54:08 ] - Am trimis toate ofertele catre MessageProcessor.
[ 2020-04-12 22:54:08 ] - Am trimis toate ofertele catre MessageProcessor.
[ 2020-04-12 22:54:08 ] - Am trimis toate ofertele catre MessageProcessor.
[ 2020-04-12 22:54:08 ] - Am trimis toate ofertele catre MessageProcessor.
[ 2020-04-12 22:54:08 ] - Am trimis toate ofertele catre MessageProcessor.
[ 2020-04-12 22:54:08 ] - Am trimis toate ofertele catre MessageProcessor.
[ 2020-04-12 22:54:08 ] - Am trimis toate ofertele catre MessageProcessor.
[ 2020-04-12 22:54:08 ] - Am trimis toate ofertele catre MessageProcessor.
[ 2020-04-12 22:54:08 ] - Am trimis toate ofertele catre MessageProcessor.
[ 2020-04-12 22:54:08 ] - Am primit rezultatul licitatiei de la BiddingProcessor: /127.0.0.1:44424 a castigat cu pretul: 9891
